  Building 'UmdfDriver' with toolset 'WindowsUserModeDriver10.0' and the 'Universal' target platform.
  Stamping x64\Debug\UmdfDriver.inf
  Stamping [Version] section with DriverVer=10/27/2023,12.1.2.16
  Device.c
  Driver.c
  Queue.c
  Создание кода...
     Создается библиотека C:\C++ projects\UmdfDriver\x64\Debug\UmdfDriver.lib и объект C:\C++ projects\UmdfDriver\x64\Debug\UmdfDriver.exp
  UmdfDriver.vcxproj -> C:\C++ projects\UmdfDriver\x64\Debug\UmdfDriver.dll
  Done Adding Additional Store
  Successfully signed: C:\C++ projects\UmdfDriver\x64\Debug\UmdfDriver.dll
  
  Driver is 'Universal'.
  ........................
  Signability test complete.
  
  Errors:
  None
  
  Warnings:
  None
  
  Catalog generation complete.
  C:\C++ projects\UmdfDriver\x64\Debug\UmdfDriver\umdfdriver.cat
  Done Adding Additional Store
  Successfully signed: C:\C++ projects\UmdfDriver\x64\Debug\UmdfDriver\umdfdriver.cat
  
